c:\users\molli\documents\github\cst-136\cst 136_lab 2_drivdahl_molli\game_cst_136\debug\vc120.pdb
c:\users\molli\documents\github\cst-136\cst 136_lab 2_drivdahl_molli\game_cst_136\debug\vc120.idb
c:\users\molli\documents\github\cst-136\cst 136_lab 2_drivdahl_molli\game_cst_136\debug\keyboard.obj
c:\users\molli\documents\github\cst-136\cst 136_lab 2_drivdahl_molli\game_cst_136\debug\main.obj
c:\users\molli\documents\github\cst-136\cst 136_lab 2_drivdahl_molli\game_cst_136\debug\game.obj
c:\users\molli\documents\github\cst-136\cst 136_lab 2_drivdahl_molli\game_cst_136\debug\rectangle.obj
c:\users\molli\documents\github\cst-136\cst 136_lab 2_drivdahl_molli\game_cst_136\debug\square.obj
c:\users\molli\documents\github\cst-136\cst 136_lab 2_drivdahl_molli\game_cst_136\debug\surfacemanager.obj
c:\users\molli\documents\github\cst-136\cst 136_lab 2_drivdahl_molli\game_cst_136\debug\texturemanager.obj
c:\users\molli\documents\github\cst-136\cst 136_lab 2_drivdahl_molli\game_cst_136\debug\button.obj
c:\users\molli\documents\github\cst-136\cst 136_lab 2_drivdahl_molli\game_cst_136\debug\quadrilateral.obj
c:\users\molli\documents\github\cst-136\cst 136_lab 2_drivdahl_molli\debug\game_cst_136.ilk
c:\users\molli\documents\github\cst-136\cst 136_lab 2_drivdahl_molli\debug\game_cst_136.exe
c:\users\molli\documents\github\cst-136\cst 136_lab 2_drivdahl_molli\debug\game_cst_136.pdb
c:\users\molli\documents\github\cst-136\cst 136_lab 2_drivdahl_molli\game_cst_136\debug\game_cst_136.tlog\cl.command.1.tlog
c:\users\molli\documents\github\cst-136\cst 136_lab 2_drivdahl_molli\game_cst_136\debug\game_cst_136.tlog\cl.read.1.tlog
c:\users\molli\documents\github\cst-136\cst 136_lab 2_drivdahl_molli\game_cst_136\debug\game_cst_136.tlog\cl.write.1.tlog
c:\users\molli\documents\github\cst-136\cst 136_lab 2_drivdahl_molli\game_cst_136\debug\game_cst_136.tlog\link.command.1.tlog
c:\users\molli\documents\github\cst-136\cst 136_lab 2_drivdahl_molli\game_cst_136\debug\game_cst_136.tlog\link.read.1.tlog
c:\users\molli\documents\github\cst-136\cst 136_lab 2_drivdahl_molli\game_cst_136\debug\game_cst_136.tlog\link.write.1.tlog
